<?xml version="1.0" encoding="UTF-8"?>
<!-- Generated by org.testng.reporters.JUnitXMLReporter -->
<testsuite hostname="AESPINOZAH-DH01" name="ThirdTest" tests="1" failures="0" timestamp="11 Dec 2013 20:43:16 GMT" time="1.138" errors="0">
  <testcase name="@BeforeClass setUp" time="0.0" classname="aveh.parallel.TestCase">
    <failure type="org.openqa.selenium.WebDriverException" message="OS/Browser combination invalid: {&amp;quot;browserName&amp;quot;=&amp;gt;&amp;quot;safari&amp;quot;, &amp;quot;build&amp;quot;=&amp;gt;&amp;quot;1.0&amp;quot;, &amp;quot;project&amp;quot;=&amp;gt;&amp;quot;P1&amp;quot;, &amp;quot;browser&amp;quot;=&amp;gt;&amp;quot;safari&amp;quot;, &amp;quot;browser_version&amp;quot;=&amp;gt;&amp;quot;6.0&amp;quot;, &amp;quot;platform&amp;quot;=&amp;gt;&amp;quot;WINDOWS&amp;quot;, &amp;quot;browserVersion&amp;quot;=&amp;gt;&amp;quot;6.0&amp;quot;} (WARNING: The server did not provide any stacktrace information)
Command duration or timeout: 860 milliseconds
Build info: version: &amp;apos;2.37.0&amp;apos;, revision: &amp;apos;a7c61cb&amp;apos;, time: &amp;apos;2013-10-18 17:15:02&amp;apos;
System info: host: &amp;apos;AESPINOZAH-DH01&amp;apos;, ip: &amp;apos;172.21.7.20&amp;apos;, os.name: &amp;apos;Windows 7&amp;apos;, os.arch: &amp;apos;amd64&amp;apos;, os.version: &amp;apos;6.1&amp;apos;, java.version: &amp;apos;1.7.0_17&amp;apos;
Driver info: org.openqa.selenium.remote.RemoteWebDriver">
      <![CDATA[org.openqa.selenium.WebDriverException: OS/Browser combination invalid: {"browserName"=>"safari", "build"=>"1.0", "project"=>"P1", "browser"=>"safari", "browser_version"=>"6.0", "platform"=>"WINDOWS", "browserVersion"=>"6.0"} (WARNING: The server did not provide any stacktrace information)
Command duration or timeout: 860 milliseconds
Build info: version: '2.37.0', revision: 'a7c61cb', time: '2013-10-18 17:15:02'
System info: host: 'AESPINOZAH-DH01', ip: '172.21.7.20', os.name: 'Windows 7', os.arch: 'amd64', os.version: '6.1', java.version: '1.7.0_17'
Driver info: org.openqa.selenium.remote.RemoteWebDriver
	at org.openqa.selenium.remote.ErrorHandler.createThrowable(ErrorHandler.java:193)
	at org.openqa.selenium.remote.ErrorHandler.throwIfResponseFailed(ErrorHandler.java:145)
	at org.openqa.selenium.remote.RemoteWebDriver.execute(RemoteWebDriver.java:554)
	at org.openqa.selenium.remote.RemoteWebDriver.startSession(RemoteWebDriver.java:216)
	at org.openqa.selenium.remote.RemoteWebDriver.<init>(RemoteWebDriver.java:111)
	at org.openqa.selenium.remote.RemoteWebDriver.<init>(RemoteWebDriver.java:129)
	at aveh.parallel.TestCase.setUp(TestCase.java:38)
	at java.util.concurrent.FutureTask$Sync.innerRun(Unknown Source)
	at java.util.concurrent.FutureTask.run(Unknown Source)
	at java.util.concurrent.ThreadPoolExecutor.runWorker(Unknown Source)
	at java.util.concurrent.ThreadPoolExecutor$Worker.run(Unknown Source)
	at java.lang.Thread.run(Unknown Source)
... Removed 20 stack frames]]>
    </failure>
  </testcase> <!-- @BeforeClass setUp -->
  <testcase name="@AfterClass tearDown" time="0.0" classname="aveh.parallel.TestCase">
    <skipped/>
  </testcase> <!-- @AfterClass tearDown -->
  <testcase name="testSimple" time="0.001" classname="aveh.parallel.TestCase">
    <skipped/>
  </testcase> <!-- testSimple -->
</testsuite> <!-- ThirdTest -->
