<?xml version="1.0" encoding="UTF-8"?>
<!-- Generated by org.testng.reporters.JUnitReportReporter -->
<testsuite hostname="AESPINOZAH-DH01" name="aveh.parallel.TestCase" tests="3" failures="1" timestamp="11 Dec 2013 20:43:29 GMT" time="10.938" errors="0">
  <testcase name="testSimple" time="4.714" classname="aveh.parallel.TestCase"/>
  <testcase name="testSimple" time="0.001" classname="aveh.parallel.TestCase">
    <failure type="org.openqa.selenium.WebDriverException" message="OS/Browser combination invalid: {&quot;browserName&quot;=&gt;&quot;safari&quot;, &quot;build&quot;=&gt;&quot;1.0&quot;, &quot;project&quot;=&gt;&quot;P1&quot;, &quot;browser&quot;=&gt;&quot;safari&quot;, &quot;browser_version&quot;=&gt;&quot;6.0&quot;, &quot;platform&quot;=&gt;&quot;WINDOWS&quot;, &quot;browserVersion&quot;=&gt;&quot;6.0&quot;} (WARNING: The server did not provide any stacktrace information)
Command duration or timeout: 860 milliseconds
Build info: version: &#039;2.37.0&#039;, revision: &#039;a7c61cb&#039;, time: &#039;2013-10-18 17:15:02&#039;
System info: host: &#039;AESPINOZAH-DH01&#039;, ip: &#039;172.21.7.20&#039;, os.name: &#039;Windows 7&#039;, os.arch: &#039;amd64&#039;, os.version: &#039;6.1&#039;, java.version: &#039;1.7.0_17&#039;
Driver info: org.openqa.selenium.remote.RemoteWebDriver">
      <![CDATA[org.openqa.selenium.WebDriverException: OS/Browser combination invalid: {"browserName"=>"safari", "build"=>"1.0", "project"=>"P1", "browser"=>"safari", "browser_version"=>"6.0", "platform"=>"WINDOWS", "browserVersion"=>"6.0"} (WARNING: The server did not provide any stacktrace information)
Command duration or timeout: 860 milliseconds
Build info: version: '2.37.0', revision: 'a7c61cb', time: '2013-10-18 17:15:02'
System info: host: 'AESPINOZAH-DH01', ip: '172.21.7.20', os.name: 'Windows 7', os.arch: 'amd64', os.version: '6.1', java.version: '1.7.0_17'
Driver info: org.openqa.selenium.remote.RemoteWebDriver
	at sun.reflect.NativeConstructorAccessorImpl.newInstance0(Native Method)
	at sun.reflect.NativeConstructorAccessorImpl.newInstance(Unknown Source)
	at sun.reflect.DelegatingConstructorAccessorImpl.newInstance(Unknown Source)
	at java.lang.reflect.Constructor.newInstance(Unknown Source)
	at org.openqa.selenium.remote.ErrorHandler.createThrowable(ErrorHandler.java:193)
	at org.openqa.selenium.remote.ErrorHandler.throwIfResponseFailed(ErrorHandler.java:145)
	at org.openqa.selenium.remote.RemoteWebDriver.execute(RemoteWebDriver.java:554)
	at org.openqa.selenium.remote.RemoteWebDriver.startSession(RemoteWebDriver.java:216)
	at org.openqa.selenium.remote.RemoteWebDriver.<init>(RemoteWebDriver.java:111)
	at org.openqa.selenium.remote.RemoteWebDriver.<init>(RemoteWebDriver.java:129)
	at aveh.parallel.TestCase.setUp(TestCase.java:38)
	at sun.reflect.NativeMethodAccessorImpl.invoke0(Native Method)
	at sun.reflect.NativeMethodAccessorImpl.invoke(Unknown Source)
	at sun.reflect.DelegatingMethodAccessorImpl.invoke(Unknown Source)
	at java.lang.reflect.Method.invoke(Unknown Source)
	at org.testng.internal.MethodInvocationHelper.invokeMethod(MethodInvocationHelper.java:84)
	at org.testng.internal.Invoker.invokeConfigurationMethod(Invoker.java:564)
	at org.testng.internal.Invoker.invokeConfigurations(Invoker.java:213)
	at org.testng.internal.Invoker.invokeConfigurations(Invoker.java:138)
	at org.testng.internal.TestMethodWorker.invokeBeforeClassMethods(TestMethodWorker.java:175)
	at org.testng.internal.TestMethodWorker.run(TestMethodWorker.java:107)
	at org.testng.TestRunner.privateRun(TestRunner.java:767)
	at org.testng.TestRunner.run(TestRunner.java:617)
	at org.testng.SuiteRunner.runTest(SuiteRunner.java:334)
	at org.testng.SuiteRunner.access$000(SuiteRunner.java:37)
	at org.testng.SuiteRunner$SuiteWorker.run(SuiteRunner.java:368)
	at org.testng.internal.thread.ThreadUtil$2.call(ThreadUtil.java:64)
	at java.util.concurrent.FutureTask$Sync.innerRun(Unknown Source)
	at java.util.concurrent.FutureTask.run(Unknown Source)
	at java.util.concurrent.ThreadPoolExecutor.runWorker(Unknown Source)
	at java.util.concurrent.ThreadPoolExecutor$Worker.run(Unknown Source)
	at java.lang.Thread.run(Unknown Source)
]]>
    </failure>
  </testcase> <!-- testSimple -->
  <testcase name="testSimple" time="6.223" classname="aveh.parallel.TestCase"/>
</testsuite> <!-- aveh.parallel.TestCase -->
